time=2024-07-16T14:09:09.906+05:00 level=INFO msg="Register function is starting"
time=2024-07-16T14:09:09.909+05:00 level=ERROR msg="error registering user: rpc error: code = Unimplemented desc = unknown service auth.Auth"
time=2024-07-16T14:11:41.862+05:00 level=INFO msg="Register function is starting"
time=2024-07-16T14:11:41.864+05:00 level=ERROR msg="error registering user: rpc error: code = Unimplemented desc = unknown service auth.Auth"
time=2024-07-16T14:15:16.591+05:00 level=INFO msg="Register function is starting"
time=2024-07-16T14:15:16.593+05:00 level=INFO msg="Register method is starting"
time=2024-07-16T14:15:16.610+05:00 level=INFO msg="Register has successfully finished"
time=2024-07-16T14:15:16.610+05:00 level=INFO msg="Register has successfully finished"
time=2024-07-16T14:16:48.600+05:00 level=INFO msg="Login function is starting"
time=2024-07-16T14:16:48.601+05:00 level=INFO msg="Login method is starting"
time=2024-07-16T14:16:48.611+05:00 level=ERROR msg="failed to find user: reading failure: sql: no rows in result set"
time=2024-07-16T14:16:48.611+05:00 level=ERROR msg="error logging in user: rpc error: code = Unknown desc = failed to find user: reading failure: sql: no rows in result set"
time=2024-07-16T14:17:32.328+05:00 level=INFO msg="Login function is starting"
time=2024-07-16T14:17:32.329+05:00 level=INFO msg="Login method is starting"
time=2024-07-16T14:17:32.329+05:00 level=ERROR msg="incorrect password"
time=2024-07-16T14:17:32.330+05:00 level=ERROR msg="error logging in user: rpc error: code = Unknown desc = incorrect password"
time=2024-07-16T14:17:40.103+05:00 level=INFO msg="Login function is starting"
time=2024-07-16T14:17:40.103+05:00 level=INFO msg="Login method is starting"
time=2024-07-16T14:17:40.104+05:00 level=INFO msg="Login has successfully finished"
time=2024-07-16T14:17:40.104+05:00 level=INFO msg="Login has successfully finished"
time=2024-07-16T14:19:11.246+05:00 level=INFO msg="Logout function is starting"
time=2024-07-16T14:19:11.247+05:00 level=INFO msg="Logout method is starting"
time=2024-07-16T14:19:11.247+05:00 level=INFO msg="Logout has successfully finished"
time=2024-07-16T14:19:11.247+05:00 level=INFO msg="Logout has successfully finished"
time=2024-07-16T14:21:03.498+05:00 level=INFO msg="Refresh function is starting"
time=2024-07-16T14:21:03.500+05:00 level=INFO msg="CheckRefreshToken method is starting"
time=2024-07-16T14:21:03.502+05:00 level=ERROR msg="failed to get user info: reading failure: sql: Scan error on column index 4, name \"address\": converting NULL to string is unsupported"
time=2024-07-16T14:21:03.502+05:00 level=ERROR msg="error refreshing token: rpc error: code = Unknown desc = failed to get user info: reading failure: sql: Scan error on column index 4, name \"address\": converting NULL to string is unsupported"
time=2024-07-16T14:27:19.623+05:00 level=INFO msg="Refresh function is starting"
time=2024-07-16T14:27:19.625+05:00 level=INFO msg="CheckRefreshToken method is starting"
time=2024-07-16T14:27:19.626+05:00 level=ERROR msg="failed to get user info: reading failure: sql: Scan error on column index 4, name \"address\": converting NULL to string is unsupported"
time=2024-07-16T14:27:19.627+05:00 level=ERROR msg="error refreshing token: rpc error: code = Unknown desc = failed to get user info: reading failure: sql: Scan error on column index 4, name \"address\": converting NULL to string is unsupported"
time=2024-07-16T14:32:25.502+05:00 level=INFO msg="Refresh function is starting"
time=2024-07-16T14:32:25.503+05:00 level=INFO msg="CheckRefreshToken method is starting"
time=2024-07-16T14:32:25.505+05:00 level=ERROR msg="failed to get user info: reading failure: sql: Scan error on column index 4, name \"address\": converting NULL to string is unsupported"
time=2024-07-16T14:32:25.505+05:00 level=ERROR msg="error refreshing token: rpc error: code = Unknown desc = failed to get user info: reading failure: sql: Scan error on column index 4, name \"address\": converting NULL to string is unsupported"
time=2024-07-16T14:34:05.222+05:00 level=INFO msg="Refresh function is starting"
time=2024-07-16T14:34:05.224+05:00 level=INFO msg="CheckRefreshToken method is starting"
time=2024-07-16T14:34:05.226+05:00 level=ERROR msg="failed to get user info: reading failure: sql: Scan error on column index 4, name \"address\": converting NULL to string is unsupported"
time=2024-07-16T14:34:05.226+05:00 level=ERROR msg="error refreshing token: rpc error: code = Unknown desc = failed to get user info: reading failure: sql: Scan error on column index 4, name \"address\": converting NULL to string is unsupported"
time=2024-07-16T14:37:13.010+05:00 level=INFO msg="Refresh function is starting"
time=2024-07-16T14:37:13.012+05:00 level=INFO msg="CheckRefreshToken method is starting"
time=2024-07-16T14:37:13.013+05:00 level=INFO msg="CheckRefreshToken has successfully finished"
time=2024-07-16T14:37:13.014+05:00 level=INFO msg="Refresh has successfully finished"
time=2024-07-16T14:50:36.843+05:00 level=INFO msg="Refresh function is starting"
time=2024-07-16T14:50:36.845+05:00 level=INFO msg="CheckRefreshToken method is starting"
time=2024-07-16T14:52:15.063+05:00 level=INFO msg="Refresh function is starting"
time=2024-07-16T14:52:15.065+05:00 level=INFO msg="CheckRefreshToken method is starting"
time=2024-07-16T14:52:15.067+05:00 level=INFO msg="CheckRefreshToken has successfully finished"
time=2024-07-16T14:52:15.067+05:00 level=INFO msg="Refresh has successfully finished"
time=2024-07-16T15:05:11.915+05:00 level=INFO msg="Refresh function is starting"
time=2024-07-16T15:05:11.917+05:00 level=INFO msg="CheckRefreshToken method is starting"
time=2024-07-16T15:05:11.919+05:00 level=INFO msg="CheckRefreshToken has successfully finished"
time=2024-07-16T15:05:11.919+05:00 level=INFO msg="Refresh has successfully finished"
time=2024-07-16T15:06:03.703+05:00 level=INFO msg="Logout function is starting"
time=2024-07-16T15:06:03.703+05:00 level=INFO msg="Logout method is starting"
time=2024-07-16T15:06:03.703+05:00 level=INFO msg="Logout has successfully finished"
time=2024-07-16T15:06:03.703+05:00 level=INFO msg="Logout has successfully finished"
time=2024-07-16T15:07:34.738+05:00 level=INFO msg="Logout function is starting"
time=2024-07-16T15:07:34.740+05:00 level=INFO msg="Logout method is starting"
time=2024-07-16T15:07:34.740+05:00 level=INFO msg="Logout has successfully finished"
time=2024-07-16T15:07:34.740+05:00 level=INFO msg="Logout has successfully finished"
time=2024-07-16T15:08:01.919+05:00 level=INFO msg="Refresh function is starting"
time=2024-07-16T15:08:01.919+05:00 level=INFO msg="CheckRefreshToken method is starting"
time=2024-07-16T15:08:01.919+05:00 level=ERROR msg="validation failure: failed to parse refresh token: Token is expired"
time=2024-07-16T15:08:01.919+05:00 level=ERROR msg="error refreshing token: rpc error: code = Unknown desc = validation failure: failed to parse refresh token: Token is expired"
time=2024-07-16T15:28:54.372+05:00 level=INFO msg="Register function is starting"
time=2024-07-16T15:28:54.374+05:00 level=INFO msg="Register method is starting"
time=2024-07-16T15:28:54.386+05:00 level=INFO msg="Register has successfully finished"
time=2024-07-16T15:28:54.387+05:00 level=INFO msg="Register has successfully finished"
time=2024-07-16T15:29:34.754+05:00 level=INFO msg="ForgotPassword function is starting"
time=2024-07-16T15:29:34.755+05:00 level=INFO msg="ForgotPassword method is starting"
time=2024-07-16T15:40:38.760+05:00 level=INFO msg="ForgotPassword function is starting"
time=2024-07-16T15:40:38.762+05:00 level=INFO msg="ForgotPassword method is starting"
time=2024-07-16T15:40:38.764+05:00 level=ERROR msg="failed to send code: failed to parse template: open template.html: no such file or directory"
time=2024-07-16T15:40:38.764+05:00 level=ERROR msg="error resetting password: rpc error: code = Unknown desc = failed to send code: failed to parse template: open template.html: no such file or directory"
time=2024-07-16T15:42:33.628+05:00 level=INFO msg="ForgotPassword function is starting"
time=2024-07-16T15:42:33.630+05:00 level=INFO msg="ForgotPassword method is starting"
time=2024-07-16T15:42:35.864+05:00 level=INFO msg="ForgotPassword has successfully finished"
time=2024-07-16T15:42:35.864+05:00 level=INFO msg="ForgotPassword has successfully finished"
time=2024-07-16T15:46:45.915+05:00 level=INFO msg="ForgotPassword function is starting"
time=2024-07-16T15:46:45.917+05:00 level=INFO msg="ForgotPassword method is starting"
time=2024-07-16T15:46:47.485+05:00 level=INFO msg="ForgotPassword has successfully finished"
time=2024-07-16T15:46:47.486+05:00 level=INFO msg="ForgotPassword has successfully finished"
time=2024-07-16T15:47:53.059+05:00 level=INFO msg="ResetPassword function is starting"
time=2024-07-16T15:47:53.059+05:00 level=INFO msg="ResetPassword method is starting"
time=2024-07-16T15:47:53.076+05:00 level=INFO msg="ResetPassword has successfully finished"
time=2024-07-16T15:47:53.076+05:00 level=INFO msg="ResetPassword has successfully finished"
